build/app/outputs/mapping/release/seeds.txt
com.example.andromedaapp.MainActivity
com.example.andromedaapp.MainActivity: MainActivity()
...
kotlinx.coroutines.scheduling.CoroutineScheduler$WorkerState: kotlinx.coroutines.scheduling.CoroutineScheduler$WorkerState[] values()
androidx.window.embedding.SplitRuleParser: androidx.window.embedding.SplitPlaceholderRule parseSplitPlaceholderRule(android.content.Context,android.content.res.XmlResourceParser)
io.flutter.embedding.engine.FlutterJNI: void nativeRunBundleAndSnapshotFromLibrary(long,java.lang.String,java.lang.String,java.lang.String,android.content.res.AssetManager,java.util.List)
androidx.core.app.ActivityCompat$Api32Impl: boolean shouldShowRequestPermissionRationale(android.app.Activity,java.lang.String)
io.flutter.embedding.engine.FlutterJNI: void onDisplayOverlaySurface(int,int,int,int,int)
androidx.window.layout.WindowMetricsCalculatorCompat: WindowMetricsCalculatorCompat()
androidx.core.app.NotificationManagerCompat$Api26Impl: void createNotificationChannels(android.app.NotificationManager,java.util.List)
io.flutter.plugin.editing.ImeSyncDeferringInsetsCallback$AnimationCallback: void onPrepare(android.view.WindowInsetsAnimation)
androidx.window.layout.WindowInfoTracker$Companion: void reset()
io.flutter.embedding.engine.FlutterJNI: boolean getIsSoftwareRenderingEnabled()
io.flutter.embedding.engine.FlutterJNI: void notifyLowMemoryWarning()
androidx.core.view.ViewCompat$Api16Impl: void setImportantForAccessibility(android.view.View,int)
androidx.window.core.Version$Companion: androidx.window.core.Version getVERSION_0_1()
androidx.window.embedding.EmbeddingAdapter: boolean translateActivityIntentPredicates$lambda-3(androidx.window.embedding.EmbeddingAdapter,java.util.Set,android.util.Pair)
androidx.core.app.NotificationCompatBuilder$Api20Impl: android.app.Notification$Action$Builder addExtras(android.app.Notification$Action$Builder,android.os.Bundle)
io.flutter.embedding.engine.FlutterJNI: void onEndFrame()
androidx.core.app.ActivityCompat$Api31Impl: boolean shouldShowRequestPermissionRationale(android.app.Activity,java.lang.String)
io.flutter.embedding.engine.systemchannels.PlatformChannel$Brightness: io.flutter.embedding.engine.systemchannels.PlatformChannel$Brightness[] values()
androidx.window.layout.ExtensionWindowLayoutInfoBackend$MulticastConsumer: void addListener(androidx.core.util.Consumer)
androidx.profileinstaller.FileSectionType: androidx.profileinstaller.FileSectionType[] values()
androidx.profileinstaller.ProfileInstallerInitializer: ProfileInstallerInitializer()
io.flutter.embedding.engine.systemchannels.PlatformChannel$SystemUiOverlay: io.flutter.embedding.engine.systemchannels.PlatformChannel$SystemUiOverlay[] values()
androidx.core.view.ViewCompat$Api16Impl: void setBackground(android.view.View,android.graphics.drawable.Drawable)
io.flutter.view.FlutterCallbackInformation: FlutterCallbackInformation(java.lang.String,java.lang.String,java.lang.String)
androidx.window.layout.SidecarWindowBackend$WindowLayoutChangeCallbackWrapper: SidecarWindowBackend$WindowLayoutChangeCallbackWrapper(android.app.Activity,java.util.concurrent.Executor,androidx.core.util.Consumer)
androidx.window.embedding.SplitController: void unregisterRule(androidx.window.embedding.EmbeddingRule)
io.flutter.embedding.engine.FlutterJNI: void handlePlatformMessageResponse(int,java.nio.ByteBuffer)
android.support.v4.app.RemoteActionCompatParcelizer: void write(androidx.core.app.RemoteActionCompat,androidx.versionedparcelable.VersionedParcel)
androidx.core.graphics.drawable.IconCompat$Api23Impl: android.graphics.drawable.Icon toIcon(androidx.core.graphics.drawable.IconCompat,android.content.Context)
androidx.core.app.NotificationCompatBuilder$Api20Impl: android.app.Notification$Action build(android.app.Notification$Action$Builder)
io.flutter.embedding.android.FlutterView$ZeroSides: io.flutter.embedding.android.FlutterView$ZeroSides[] values()
io.flutter.embedding.engine.FlutterJNI: void setSemanticsEnabled(boolean)
androidx.window.layout.EmptyDecorator: EmptyDecorator()