build/app/outputs/mapping/release/mapping.txt
# compiler: R8
# compiler_version: 3.2.47
# min_api: 21
# common_typos_disable
# {"id":"com.android.tools.r8.mapping","version":"2.0"}
# pg_map_id: 8cbd2ce
# pg_map_hash: SHA-256 8cbd2ce30c722676be68e1c1239dd36de415a82c8b4300f8c0d15cc3b2b8a561
...
com.google.android.gms.common.api.internal.NonGmsServiceBrokerClient -> z.g:
    android.os.Handler zag -> f
    android.content.ComponentName zad -> c
    boolean zaj -> i
    java.lang.String zal -> k
    java.lang.String zak -> j
    android.os.IBinder zai -> h
    java.lang.String zaa -> l
    java.lang.String zab -> a
    java.lang.String zac -> b
    android.content.Context zae -> d
    com.google.android.gms.common.api.internal.OnConnectionFailedListener zah -> g
    com.google.android.gms.common.api.internal.ConnectionCallbacks zaf -> e
    boolean isConnecting() -> a
    com.google.android.gms.common.Feature[] getAvailableFeatures() -> b
    boolean isConnected() -> c
    java.lang.String getEndpointPackageName() -> d
    void onUserSignOut(com.google.android.gms.common.internal.BaseGmsClient$SignOutCallbacks) -> e
    java.lang.String getLastDisconnectMessage() -> g
    java.util.Set getScopesForConnectionlessNonSignIn() -> h
    void connect(com.google.android.gms.common.internal.BaseGmsClient$ConnectionProgressReportCallbacks) -> i
    void disconnect() -> j
    void disconnect(java.lang.String) -> k
    void getRemoteService(com.google.android.gms.common.internal.IAccountAccessor,java.util.Set) -> l
    boolean requiresSignIn() -> m
    void zab() -> n
    boolean requiresGooglePlayServices() -> o
    int getMinApkVersion() -> p
    void zaa(android.os.IBinder) -> q
    void zac(java.lang.String) -> r
    void zad() -> s
com.google.android.gms.common.api.internal.OnConnectionFailedListener -> z.h:
    void onConnectionFailed(com.google.android.gms.common.ConnectionResult) -> o
com.google.android.gms.common.api.internal.RegisterListenerMethod -> com.google.android.gms.common.api.internal.e:
    com.google.android.gms.common.Feature[] zab -> b
    com.google.android.gms.common.api.internal.ListenerHolder zaa -> a
    int zad -> d
    boolean zac -> c
    void clearListener() -> a
    com.google.android.gms.common.api.internal.ListenerHolder$ListenerKey getListenerKey() -> b
    com.google.android.gms.common.Feature[] getRequiredFeatures() -> c
    void registerListener(com.google.android.gms.common.api.Api$AnyClient,com.google.android.gms.tasks.TaskCompletionSource) -> d
    int zaa() -> e
    boolean zab() -> f
com.google.android.gms.common.api.internal.RegistrationMethods -> com.google.android.gms.common.api.internal.f:
    java.lang.Runnable zab -> c
    com.google.android.gms.common.api.internal.UnregisterListenerMethod zaa -> b
    com.google.android.gms.common.api.internal.RegisterListenerMethod register -> a
    com.google.android.gms.common.api.internal.RegistrationMethods$Builder builder() -> a