build/app/outputs/mapping/release/usage.txt
com.example.andromedaapp.BuildConfig
com.example.andromedaapp.R$attr
com.example.andromedaapp.R$color
com.example.andromedaapp.R$dimen
com.example.andromedaapp.R$drawable
com.example.andromedaapp.R$id
com.example.andromedaapp.R$integer
com.example.andromedaapp.R$layout
com.example.andromedaapp.R$mipmap
com.example.andromedaapp.R$string
com.example.andromedaapp.R$style
com.example.andromedaapp.R$styleable
com.example.andromedaapp.R$xml
com.example.andromedaapp.R
...
com.google.android.gms.common.internal.service.zak
com.google.android.gms.common.internal.service.zal
com.google.android.gms.common.internal.zaaa
com.google.android.gms.common.internal.zab:
    public void <init>(java.util.Set)
com.google.android.gms.common.internal.zae
com.google.android.gms.common.internal.zag:
    public static com.google.android.gms.common.internal.zag zac(androidx.fragment.app.Fragment,android.content.Intent,int)
com.google.android.gms.common.internal.zaj
com.google.android.gms.common.internal.zak
com.google.android.gms.common.internal.zal:
    public void <init>()
com.google.android.gms.common.internal.zam
com.google.android.gms.common.internal.zao
com.google.android.gms.common.internal.zap
com.google.android.gms.common.internal.zaq
com.google.android.gms.common.internal.zar
com.google.android.gms.common.internal.zas
com.google.android.gms.common.internal.zav:
    public final boolean zac()
    public final boolean zad()
com.google.android.gms.common.internal.zax
com.google.android.gms.common.internal.zay
com.google.android.gms.common.internal.zaz
com.google.android.gms.common.internal.zzaa
com.google.android.gms.common.internal.zzad
com.google.android.gms.common.internal.zzae
com.google.android.gms.common.internal.zzaf
com.google.android.gms.common.internal.zzag:
    public static java.lang.String zzb(android.content.Context)
com.google.android.gms.common.internal.zzaj
com.google.android.gms.common.internal.zzak
com.google.android.gms.common.internal.zzh
com.google.android.gms.common.internal.zzi
com.google.android.gms.common.internal.zzn:
    public void <init>(android.content.ComponentName,int)
    public void <init>(java.lang.String,int,boolean)
com.google.android.gms.common.internal.zzr:
    final void zzi(android.os.Looper)
com.google.android.gms.common.internal.zzw
com.google.android.gms.common.internal.zzx
com.google.android.gms.common.internal.zzy:
    public static com.google.android.gms.common.internal.zzz zzg(android.os.IBinder)
com.google.android.gms.common.logging.Logger
com.google.android.gms.common.moduleinstall.InstallStatusListener
com.google.android.gms.common.moduleinstall.ModuleAvailabilityResponse$AvailabilityStatus
com.google.android.gms.common.moduleinstall.ModuleAvailabilityResponse
com.google.android.gms.common.moduleinstall.ModuleInstall
com.google.android.gms.common.moduleinstall.ModuleInstallClient
com.google.android.gms.common.moduleinstall.ModuleInstallIntentResponse
com.google.android.gms.common.moduleinstall.ModuleInstallRequest$Builder
com.google.android.gms.common.moduleinstall.ModuleInstallRequest
com.google.android.gms.common.moduleinstall.ModuleInstallResponse
com.google.android.gms.common.moduleinstall.ModuleInstallStatusCodes
com.google.android.gms.common.moduleinstall.ModuleInstallStatusUpdate$InstallState
com.google.android.gms.common.moduleinstall.ModuleInstallStatusUpdate$ProgressInfo
com.google.android.gms.common.moduleinstall.ModuleInstallStatusUpdate
com.google.android.gms.common.moduleinstall.internal.ApiFeatureRequest
com.google.android.gms.common.moduleinstall.internal.zaa
com.google.android.gms.common.moduleinstall.internal.zaaa
com.google.android.gms.common.moduleinstall.internal.zaab
com.google.android.gms.common.moduleinstall.internal.zab
com.google.android.gms.common.moduleinstall.internal.zac
com.google.android.gms.common.moduleinstall.internal.zad
com.google.android.gms.common.moduleinstall.internal.zae
com.google.android.gms.common.moduleinstall.internal.zaf
com.google.android.gms.common.moduleinstall.internal.zag
com.google.android.gms.common.moduleinstall.internal.zah
com.google.android.gms.common.moduleinstall.internal.zai
com.google.android.gms.common.moduleinstall.internal.zaj
com.google.android.gms.common.moduleinstall.internal.zak
com.google.android.gms.common.moduleinstall.internal.zal
com.google.android.gms.common.moduleinstall.internal.zam
com.google.android.gms.common.moduleinstall.internal.zan